<?xml version="1.0" encoding="UTF-8"?>
<coverage generated="1721827307">
  <project timestamp="1721827307">
    <file name="/app/app/Console/Kernel.php">
      <class name="App\Console\Kernel" namespace="global">
        <metrics complexity="2" methods="2" coveredmethods="0" conditionals="0" coveredconditionals="0" statements="3" coveredstatements="0" elements="5" coveredelements="0"/>
      </class>
      <line num="16" type="method" name="schedule" visibility="protected" complexity="1" crap="2" count="0"/>
      <line num="19" type="stmt" count="0"/>
      <line num="26" type="method" name="commands" visibility="protected" complexity="1" crap="2" count="0"/>
      <line num="28" type="stmt" count="0"/>
      <line num="30" type="stmt" count="0"/>
      <metrics loc="33" ncloc="21" classes="1" methods="2" coveredmethods="0" conditionals="0" coveredconditionals="0" statements="3" coveredstatements="0" elements="5" coveredelements="0"/>
    </file>
    <file name="/app/app/Exceptions/Handler.php">
      <class name="App\Exceptions\Handler" namespace="global">
        <metrics complexity="1" methods="1" coveredmethods="0" conditionals="0" coveredconditionals="0" statements="2" coveredstatements="0" elements="3" coveredelements="0"/>
      </class>
      <line num="44" type="method" name="register" visibility="public" complexity="1" crap="2" count="0"/>
      <line num="46" type="stmt" count="0"/>
      <line num="48" type="stmt" count="0"/>
      <metrics loc="51" ncloc="30" classes="1" methods="1" coveredmethods="0" conditionals="0" coveredconditionals="0" statements="2" coveredstatements="0" elements="3" coveredelements="0"/>
    </file>
    <file name="/app/app/Http/Controllers/API/UserController.php">
      <class name="App\Http\Controllers\API\UserController" namespace="global">
        <metrics complexity="13" methods="6" coveredmethods="0" conditionals="0" coveredconditionals="0" statements="20" coveredstatements="0" elements="26" coveredelements="0"/>
      </class>
      <line num="13" type="method" name="__construct" visibility="public" complexity="1" crap="2" count="0"/>
      <line num="15" type="stmt" count="0"/>
      <line num="18" type="method" name="index" visibility="public" complexity="1" crap="2" count="0"/>
      <line num="20" type="stmt" count="0"/>
      <line num="23" type="method" name="store" visibility="public" complexity="3" crap="12" count="0"/>
      <line num="25" type="stmt" count="0"/>
      <line num="27" type="stmt" count="0"/>
      <line num="28" type="stmt" count="0"/>
      <line num="31" type="stmt" count="0"/>
      <line num="34" type="method" name="show" visibility="public" complexity="2" crap="6" count="0"/>
      <line num="36" type="stmt" count="0"/>
      <line num="38" type="stmt" count="0"/>
      <line num="39" type="stmt" count="0"/>
      <line num="42" type="stmt" count="0"/>
      <line num="45" type="method" name="update" visibility="public" complexity="4" crap="20" count="0"/>
      <line num="47" type="stmt" count="0"/>
      <line num="49" type="stmt" count="0"/>
      <line num="50" type="stmt" count="0"/>
      <line num="53" type="stmt" count="0"/>
      <line num="54" type="stmt" count="0"/>
      <line num="57" type="stmt" count="0"/>
      <line num="60" type="method" name="destroy" visibility="public" complexity="2" crap="6" count="0"/>
      <line num="62" type="stmt" count="0"/>
      <line num="64" type="stmt" count="0"/>
      <line num="65" type="stmt" count="0"/>
      <line num="68" type="stmt" count="0"/>
      <metrics loc="71" ncloc="71" classes="1" methods="6" coveredmethods="0" conditionals="0" coveredconditionals="0" statements="20" coveredstatements="0" elements="26" coveredelements="0"/>
    </file>
    <file name="/app/app/Http/Controllers/Controller.php">
      <class name="App\Http\Controllers\Controller" namespace="global">
        <metrics complexity="0" methods="0" coveredmethods="0" conditionals="0" coveredconditionals="0" statements="0" coveredstatements="0" elements="0" coveredelements="0"/>
      </class>
      <metrics loc="14" ncloc="14" classes="0" methods="0" coveredmethods="0" conditionals="0" coveredconditionals="0" statements="0" coveredstatements="0" elements="0" coveredelements="0"/>
    </file>
    <file name="/app/app/Http/Kernel.php">
      <class name="App\Http\Kernel" namespace="global">
        <metrics complexity="0" methods="0" coveredmethods="0" conditionals="0" coveredconditionals="0" statements="0" coveredstatements="0" elements="0" coveredelements="0"/>
      </class>
      <metrics loc="68" ncloc="47" classes="0" methods="0" coveredmethods="0" conditionals="0" coveredconditionals="0" statements="0" coveredstatements="0" elements="0" coveredelements="0"/>
    </file>
    <file name="/app/app/Http/Middleware/Authenticate.php">
      <class name="App\Http\Middleware\Authenticate" namespace="global">
        <metrics complexity="2" methods="1" coveredmethods="0" conditionals="0" coveredconditionals="0" statements="2" coveredstatements="0" elements="3" coveredelements="0"/>
      </class>
      <line num="15" type="method" name="redirectTo" visibility="protected" complexity="2" crap="6" count="0"/>
      <line num="17" type="stmt" count="0"/>
      <line num="18" type="stmt" count="0"/>
      <metrics loc="22" ncloc="16" classes="1" methods="1" coveredmethods="0" conditionals="0" coveredconditionals="0" statements="2" coveredstatements="0" elements="3" coveredelements="0"/>
    </file>
    <file name="/app/app/Http/Middleware/EncryptCookies.php">
      <class name="App\Http\Middleware\EncryptCookies" namespace="global">
        <metrics complexity="0" methods="0" coveredmethods="0" conditionals="0" coveredconditionals="0" statements="0" coveredstatements="0" elements="0" coveredelements="0"/>
      </class>
      <metrics loc="18" ncloc="13" classes="0" methods="0" coveredmethods="0" conditionals="0" coveredconditionals="0" statements="0" coveredstatements="0" elements="0" coveredelements="0"/>
    </file>
    <file name="/app/app/Http/Middleware/PreventRequestsDuringMaintenance.php">
      <class name="App\Http\Middleware\PreventRequestsDuringMaintenance" namespace="global">
        <metrics complexity="0" methods="0" coveredmethods="0" conditionals="0" coveredconditionals="0" statements="0" coveredstatements="0" elements="0" coveredelements="0"/>
      </class>
      <metrics loc="18" ncloc="13" classes="0" methods="0" coveredmethods="0" conditionals="0" coveredconditionals="0" statements="0" coveredstatements="0" elements="0" coveredelements="0"/>
    </file>
    <file name="/app/app/Http/Middleware/RedirectIfAuthenticated.php">
      <class name="App\Http\Middleware\RedirectIfAuthenticated" namespace="global">
        <metrics complexity="4" methods="1" coveredmethods="0" conditionals="0" coveredconditionals="0" statements="5" coveredstatements="0" elements="6" coveredelements="0"/>
      </class>
      <line num="20" type="method" name="handle" visibility="public" complexity="4" crap="20" count="0"/>
      <line num="22" type="stmt" count="0"/>
      <line num="24" type="stmt" count="0"/>
      <line num="25" type="stmt" count="0"/>
      <line num="26" type="stmt" count="0"/>
      <line num="30" type="stmt" count="0"/>
      <metrics loc="33" ncloc="25" classes="1" methods="1" coveredmethods="0" conditionals="0" coveredconditionals="0" statements="5" coveredstatements="0" elements="6" coveredelements="0"/>
    </file>
    <file name="/app/app/Http/Middleware/TrimStrings.php">
      <class name="App\Http\Middleware\TrimStrings" namespace="global">
        <metrics complexity="0" methods="0" coveredmethods="0" conditionals="0" coveredconditionals="0" statements="0" coveredstatements="0" elements="0" coveredelements="0"/>
      </class>
      <metrics loc="20" ncloc="15" classes="0" methods="0" coveredmethods="0" conditionals="0" coveredconditionals="0" statements="0" coveredstatements="0" elements="0" coveredelements="0"/>
    </file>
    <file name="/app/app/Http/Middleware/TrustHosts.php">
      <class name="App\Http\Middleware\TrustHosts" namespace="global">
        <metrics complexity="1" methods="1" coveredmethods="0" conditionals="0" coveredconditionals="0" statements="3" coveredstatements="0" elements="4" coveredelements="0"/>
      </class>
      <line num="14" type="method" name="hosts" visibility="public" complexity="1" crap="2" count="0"/>
      <line num="16" type="stmt" count="0"/>
      <line num="17" type="stmt" count="0"/>
      <line num="18" type="stmt" count="0"/>
      <metrics loc="21" ncloc="16" classes="1" methods="1" coveredmethods="0" conditionals="0" coveredconditionals="0" statements="3" coveredstatements="0" elements="4" coveredelements="0"/>
    </file>
    <file name="/app/app/Http/Middleware/TrustProxies.php">
      <class name="App\Http\Middleware\TrustProxies" namespace="global">
        <metrics complexity="0" methods="0" coveredmethods="0" conditionals="0" coveredconditionals="0" statements="0" coveredstatements="0" elements="0" coveredelements="0"/>
      </class>
      <metrics loc="29" ncloc="19" classes="0" methods="0" coveredmethods="0" conditionals="0" coveredconditionals="0" statements="0" coveredstatements="0" elements="0" coveredelements="0"/>
    </file>
    <file name="/app/app/Http/Middleware/ValidateSignature.php">
      <class name="App\Http\Middleware\ValidateSignature" namespace="global">
        <metrics complexity="0" methods="0" coveredmethods="0" conditionals="0" coveredconditionals="0" statements="0" coveredstatements="0" elements="0" coveredelements="0"/>
      </class>
      <metrics loc="23" ncloc="18" classes="0" methods="0" coveredmethods="0" conditionals="0" coveredconditionals="0" statements="0" coveredstatements="0" elements="0" coveredelements="0"/>
    </file>
    <file name="/app/app/Http/Middleware/VerifyCsrfToken.php">
      <class name="App\Http\Middleware\VerifyCsrfToken" namespace="global">
        <metrics complexity="0" methods="0" coveredmethods="0" conditionals="0" coveredconditionals="0" statements="0" coveredstatements="0" elements="0" coveredelements="0"/>
      </class>
      <metrics loc="18" ncloc="13" classes="0" methods="0" coveredmethods="0" conditionals="0" coveredconditionals="0" statements="0" coveredstatements="0" elements="0" coveredelements="0"/>
    </file>
    <file name="/app/app/Models/User.php">
      <class name="App\Models\User" namespace="global">
        <metrics complexity="0" methods="0" coveredmethods="0" conditionals="0" coveredconditionals="0" statements="0" coveredstatements="0" elements="0" coveredelements="0"/>
      </class>
      <metrics loc="45" ncloc="29" classes="0" methods="0" coveredmethods="0" conditionals="0" coveredconditionals="0" statements="0" coveredstatements="0" elements="0" coveredelements="0"/>
    </file>
    <file name="/app/app/Providers/AppServiceProvider.php">
      <class name="App\Providers\AppServiceProvider" namespace="global">
        <metrics complexity="2" methods="2" coveredmethods="0" conditionals="0" coveredconditionals="0" statements="2" coveredstatements="0" elements="4" coveredelements="0"/>
      </class>
      <line num="14" type="method" name="register" visibility="public" complexity="1" crap="2" count="0"/>
      <line num="17" type="stmt" count="0"/>
      <line num="24" type="method" name="boot" visibility="public" complexity="1" crap="2" count="0"/>
      <line num="27" type="stmt" count="0"/>
      <metrics loc="29" ncloc="17" classes="1" methods="2" coveredmethods="0" conditionals="0" coveredconditionals="0" statements="2" coveredstatements="0" elements="4" coveredelements="0"/>
    </file>
    <file name="/app/app/Providers/AuthServiceProvider.php">
      <class name="App\Providers\AuthServiceProvider" namespace="global">
        <metrics complexity="1" methods="1" coveredmethods="0" conditionals="0" coveredconditionals="0" statements="1" coveredstatements="0" elements="2" coveredelements="0"/>
      </class>
      <line num="24" type="method" name="boot" visibility="public" complexity="1" crap="2" count="0"/>
      <line num="26" type="stmt" count="0"/>
      <metrics loc="31" ncloc="19" classes="1" methods="1" coveredmethods="0" conditionals="0" coveredconditionals="0" statements="1" coveredstatements="0" elements="2" coveredelements="0"/>
    </file>
    <file name="/app/app/Providers/BroadcastServiceProvider.php">
      <class name="App\Providers\BroadcastServiceProvider" namespace="global">
        <metrics complexity="1" methods="1" coveredmethods="0" conditionals="0" coveredconditionals="0" statements="2" coveredstatements="0" elements="3" coveredelements="0"/>
      </class>
      <line num="15" type="method" name="boot" visibility="public" complexity="1" crap="2" count="0"/>
      <line num="17" type="stmt" count="0"/>
      <line num="19" type="stmt" count="0"/>
      <metrics loc="22" ncloc="17" classes="1" methods="1" coveredmethods="0" conditionals="0" coveredconditionals="0" statements="2" coveredstatements="0" elements="3" coveredelements="0"/>
    </file>
    <file name="/app/app/Providers/EventServiceProvider.php">
      <class name="App\Providers\EventServiceProvider" namespace="global">
        <metrics complexity="2" methods="2" coveredmethods="0" conditionals="0" coveredconditionals="0" statements="2" coveredstatements="0" elements="4" coveredelements="0"/>
      </class>
      <line num="28" type="method" name="boot" visibility="public" complexity="1" crap="2" count="0"/>
      <line num="31" type="stmt" count="0"/>
      <line num="38" type="method" name="shouldDiscoverEvents" visibility="public" complexity="1" crap="2" count="0"/>
      <line num="40" type="stmt" count="0"/>
      <metrics loc="43" ncloc="27" classes="1" methods="2" coveredmethods="0" conditionals="0" coveredconditionals="0" statements="2" coveredstatements="0" elements="4" coveredelements="0"/>
    </file>
    <file name="/app/app/Providers/RouteServiceProvider.php">
      <class name="App\Providers\RouteServiceProvider" namespace="global">
        <metrics complexity="3" methods="2" coveredmethods="0" conditionals="0" coveredconditionals="0" statements="11" coveredstatements="0" elements="13" coveredelements="0"/>
      </class>
      <line num="27" type="method" name="boot" visibility="public" complexity="1" crap="2" count="0"/>
      <line num="29" type="stmt" count="0"/>
      <line num="31" type="stmt" count="0"/>
      <line num="32" type="stmt" count="0"/>
      <line num="33" type="stmt" count="0"/>
      <line num="34" type="stmt" count="0"/>
      <line num="36" type="stmt" count="0"/>
      <line num="37" type="stmt" count="0"/>
      <line num="38" type="stmt" count="0"/>
      <line num="46" type="method" name="configureRateLimiting" visibility="protected" complexity="2" crap="6" count="0"/>
      <line num="48" type="stmt" count="0"/>
      <line num="49" type="stmt" count="0"/>
      <line num="50" type="stmt" count="0"/>
      <metrics loc="53" ncloc="36" classes="1" methods="2" coveredmethods="0" conditionals="0" coveredconditionals="0" statements="11" coveredstatements="0" elements="13" coveredelements="0"/>
    </file>
    <file name="/app/app/Services/UserService.php">
      <class name="App\Services\UserService" namespace="global">
        <metrics complexity="12" methods="5" coveredmethods="0" conditionals="0" coveredconditionals="0" statements="37" coveredstatements="0" elements="42" coveredelements="0"/>
      </class>
      <line num="12" type="method" name="getAllUsers" visibility="public" complexity="1" crap="2" count="0"/>
      <line num="14" type="stmt" count="0"/>
      <line num="17" type="method" name="getUserById" visibility="public" complexity="1" crap="2" count="0"/>
      <line num="19" type="stmt" count="0"/>
      <line num="22" type="method" name="createUser" visibility="public" complexity="2" crap="6" count="0"/>
      <line num="24" type="stmt" count="0"/>
      <line num="25" type="stmt" count="0"/>
      <line num="26" type="stmt" count="0"/>
      <line num="27" type="stmt" count="0"/>
      <line num="28" type="stmt" count="0"/>
      <line num="30" type="stmt" count="0"/>
      <line num="31" type="stmt" count="0"/>
      <line num="34" type="stmt" count="0"/>
      <line num="35" type="stmt" count="0"/>
      <line num="36" type="stmt" count="0"/>
      <line num="37" type="stmt" count="0"/>
      <line num="38" type="stmt" count="0"/>
      <line num="41" type="method" name="updateUser" visibility="public" complexity="6" crap="42" count="0"/>
      <line num="43" type="stmt" count="0"/>
      <line num="45" type="stmt" count="0"/>
      <line num="46" type="stmt" count="0"/>
      <line num="49" type="stmt" count="0"/>
      <line num="50" type="stmt" count="0"/>
      <line num="51" type="stmt" count="0"/>
      <line num="52" type="stmt" count="0"/>
      <line num="53" type="stmt" count="0"/>
      <line num="55" type="stmt" count="0"/>
      <line num="56" type="stmt" count="0"/>
      <line num="59" type="stmt" count="0"/>
      <line num="60" type="stmt" count="0"/>
      <line num="63" type="stmt" count="0"/>
      <line num="64" type="stmt" count="0"/>
      <line num="67" type="stmt" count="0"/>
      <line num="68" type="stmt" count="0"/>
      <line num="71" type="stmt" count="0"/>
      <line num="73" type="stmt" count="0"/>
      <line num="76" type="method" name="deleteUser" visibility="public" complexity="2" crap="6" count="0"/>
      <line num="78" type="stmt" count="0"/>
      <line num="80" type="stmt" count="0"/>
      <line num="81" type="stmt" count="0"/>
      <line num="84" type="stmt" count="0"/>
      <line num="86" type="stmt" count="0"/>
      <metrics loc="89" ncloc="89" classes="1" methods="5" coveredmethods="0" conditionals="0" coveredconditionals="0" statements="37" coveredstatements="0" elements="42" coveredelements="0"/>
    </file>
    <metrics files="21" loc="751" ncloc="565" classes="12" methods="25" coveredmethods="0" conditionals="0" coveredconditionals="0" statements="90" coveredstatements="0" elements="115" coveredelements="0"/>
  </project>
</coverage>
